Sun Jan  4 23:26:30 JST 2026: Waiting for upload to complete...
Sun Jan  4 23:26:32 JST 2026: 0 / 9930 images uploaded
Sun Jan  4 23:27:04 JST 2026: 0 / 9930 images uploaded
Sun Jan  4 23:27:36 JST 2026: 0 / 9930 images uploaded
Sun Jan  4 23:28:08 JST 2026: 0 / 9930 images uploaded
Sun Jan  4 23:28:40 JST 2026: 0 / 9930 images uploaded
Sun Jan  4 23:29:16 JST 2026: 0 / 9930 images uploaded
Sun Jan  4 23:29:48 JST 2026: 0 / 9930 images uploaded
Sun Jan  4 23:30:21 JST 2026: 0 / 9930 images uploaded
Sun Jan  4 23:30:52 JST 2026: 0 / 9930 images uploaded
Sun Jan  4 23:31:25 JST 2026: 0 / 9930 images uploaded
Sun Jan  4 23:31:56 JST 2026: 0 / 9930 images uploaded
Sun Jan  4 23:32:28 JST 2026: 0 / 9930 images uploaded
Sun Jan  4 23:33:01 JST 2026: 0 / 9930 images uploaded
Sun Jan  4 23:33:33 JST 2026: 0 / 9930 images uploaded
Sun Jan  4 23:34:05 JST 2026: 0 / 9930 images uploaded
Sun Jan  4 23:34:36 JST 2026: 0 / 9930 images uploaded
Sun Jan  4 23:35:08 JST 2026: 0 / 9930 images uploaded
Sun Jan  4 23:35:39 JST 2026: 0 / 9930 images uploaded
Sun Jan  4 23:36:11 JST 2026: 0 / 9930 images uploaded
Sun Jan  4 23:36:42 JST 2026: 0 / 9930 images uploaded
Sun Jan  4 23:37:15 JST 2026: 0 / 9930 images uploaded
Sun Jan  4 23:37:47 JST 2026: 0 / 9930 images uploaded
Sun Jan  4 23:38:18 JST 2026: 0 / 9930 images uploaded
Sun Jan  4 23:38:50 JST 2026: 0 / 9930 images uploaded
Sun Jan  4 23:39:22 JST 2026: 0 / 9930 images uploaded
Sun Jan  4 23:39:58 JST 2026: 0 / 9930 images uploaded
Sun Jan  4 23:40:30 JST 2026: 0 / 9930 images uploaded
Sun Jan  4 23:41:02 JST 2026: 0 / 9930 images uploaded
Sun Jan  4 23:41:33 JST 2026: 0 / 9930 images uploaded
Sun Jan  4 23:42:05 JST 2026: 0 / 9930 images uploaded
Sun Jan  4 23:42:36 JST 2026: 0 / 9930 images uploaded
Sun Jan  4 23:43:08 JST 2026: 0 / 9930 images uploaded
Sun Jan  4 23:43:39 JST 2026: 0 / 9930 images uploaded
Sun Jan  4 23:44:11 JST 2026: 0 / 9930 images uploaded
Sun Jan  4 23:44:43 JST 2026: 0 / 9930 images uploaded
Sun Jan  4 23:45:15 JST 2026: 0 / 9930 images uploaded
Sun Jan  4 23:45:47 JST 2026: 0 / 9930 images uploaded
Sun Jan  4 23:46:23 JST 2026: 0 / 9930 images uploaded
Sun Jan  4 23:46:56 JST 2026: 0 / 9930 images uploaded
Sun Jan  4 23:47:28 JST 2026: 0 / 9930 images uploaded
Sun Jan  4 23:47:59 JST 2026: 0 / 9930 images uploaded
Sun Jan  4 23:48:31 JST 2026: 0 / 9930 images uploaded
Sun Jan  4 23:49:02 JST 2026: 0 / 9930 images uploaded
Sun Jan  4 23:49:34 JST 2026: 0 / 9930 images uploaded
Sun Jan  4 23:50:05 JST 2026: 0 / 9930 images uploaded
Sun Jan  4 23:50:37 JST 2026: 0 / 9930 images uploaded
Sun Jan  4 23:51:09 JST 2026: 0 / 9930 images uploaded
Sun Jan  4 23:51:41 JST 2026: 0 / 9930 images uploaded
Sun Jan  4 23:52:13 JST 2026: 0 / 9930 images uploaded
Sun Jan  4 23:52:44 JST 2026: 0 / 9930 images uploaded
Sun Jan  4 23:53:16 JST 2026: 0 / 9930 images uploaded
Sun Jan  4 23:53:47 JST 2026: 0 / 9930 images uploaded
Sun Jan  4 23:54:19 JST 2026: 0 / 9930 images uploaded
Sun Jan  4 23:54:51 JST 2026: 0 / 9930 images uploaded
Sun Jan  4 23:55:22 JST 2026: 0 / 9930 images uploaded
Sun Jan  4 23:55:54 JST 2026: 0 / 9930 images uploaded
Sun Jan  4 23:56:26 JST 2026: 0 / 9930 images uploaded
Sun Jan  4 23:56:59 JST 2026: 0 / 9930 images uploaded
Sun Jan  4 23:57:30 JST 2026: 0 / 9930 images uploaded
Sun Jan  4 23:58:02 JST 2026: 0 / 9930 images uploaded
Sun Jan  4 23:58:33 JST 2026: 0 / 9930 images uploaded
Sun Jan  4 23:59:04 JST 2026: 0 / 9930 images uploaded
Sun Jan  4 23:59:36 JST 2026: 0 / 9930 images uploaded
Mon Jan  5 00:00:07 JST 2026: 0 / 9930 images uploaded
Mon Jan  5 00:00:39 JST 2026: 0 / 9930 images uploaded
Mon Jan  5 00:01:11 JST 2026: 0 / 9930 images uploaded
Mon Jan  5 00:01:47 JST 2026: 0 / 9930 images uploaded
Mon Jan  5 00:02:18 JST 2026: 0 / 9930 images uploaded
Mon Jan  5 00:02:50 JST 2026: 0 / 9930 images uploaded
Mon Jan  5 00:03:23 JST 2026: 0 / 9930 images uploaded
Mon Jan  5 00:03:54 JST 2026: 0 / 9930 images uploaded
Mon Jan  5 00:04:25 JST 2026: 0 / 9930 images uploaded
Mon Jan  5 00:04:57 JST 2026: 0 / 9930 images uploaded
Mon Jan  5 00:05:28 JST 2026: 0 / 9930 images uploaded
Mon Jan  5 00:06:00 JST 2026: 0 / 9930 images uploaded
Mon Jan  5 00:06:32 JST 2026: 0 / 9930 images uploaded
Mon Jan  5 00:07:03 JST 2026: 0 / 9930 images uploaded
Mon Jan  5 00:07:35 JST 2026: 0 / 9930 images uploaded
Mon Jan  5 00:08:06 JST 2026: 0 / 9930 images uploaded
Mon Jan  5 00:08:38 JST 2026: 0 / 9930 images uploaded
Mon Jan  5 00:09:12 JST 2026: 0 / 9930 images uploaded
Mon Jan  5 00:09:43 JST 2026: 0 / 9930 images uploaded
Mon Jan  5 00:10:15 JST 2026: 0 / 9930 images uploaded
Mon Jan  5 00:10:47 JST 2026: 0 / 9930 images uploaded
Mon Jan  5 00:11:18 JST 2026: 0 / 9930 images uploaded
Mon Jan  5 00:11:50 JST 2026: 0 / 9930 images uploaded
Mon Jan  5 00:12:21 JST 2026: 0 / 9930 images uploaded
Mon Jan  5 00:12:54 JST 2026: 0 / 9930 images uploaded
Mon Jan  5 00:13:25 JST 2026: 0 / 9930 images uploaded
Mon Jan  5 00:13:57 JST 2026: 0 / 9930 images uploaded
Mon Jan  5 00:14:28 JST 2026: 0 / 9930 images uploaded
Mon Jan  5 00:15:00 JST 2026: 0 / 9930 images uploaded
Mon Jan  5 00:15:31 JST 2026: 0 / 9930 images uploaded
Mon Jan  5 00:16:03 JST 2026: 0 / 9930 images uploaded
Mon Jan  5 00:16:34 JST 2026: 0 / 9930 images uploaded
Mon Jan  5 00:17:06 JST 2026: 0 / 9930 images uploaded
Mon Jan  5 00:17:41 JST 2026: 0 / 9930 images uploaded
Mon Jan  5 00:18:13 JST 2026: 0 / 9930 images uploaded
Mon Jan  5 00:18:44 JST 2026: 0 / 9930 images uploaded
Mon Jan  5 00:19:17 JST 2026: 0 / 9930 images uploaded
Mon Jan  5 00:19:48 JST 2026: 0 / 9930 images uploaded
Mon Jan  5 00:20:19 JST 2026: 0 / 9930 images uploaded
Mon Jan  5 00:20:51 JST 2026: 0 / 9930 images uploaded
Mon Jan  5 00:21:22 JST 2026: 0 / 9930 images uploaded
Mon Jan  5 00:21:54 JST 2026: 0 / 9930 images uploaded
Mon Jan  5 00:22:50 JST 2026: 0 / 9930 images uploaded
Mon Jan  5 00:23:22 JST 2026: 0 / 9930 images uploaded
Mon Jan  5 00:23:53 JST 2026: 0 / 9930 images uploaded
Mon Jan  5 00:24:25 JST 2026: 0 / 9930 images uploaded
Mon Jan  5 00:24:57 JST 2026: 0 / 9930 images uploaded
Mon Jan  5 00:25:28 JST 2026: 0 / 9930 images uploaded
Mon Jan  5 00:26:00 JST 2026: 0 / 9930 images uploaded
Mon Jan  5 00:26:31 JST 2026: 0 / 9930 images uploaded
Mon Jan  5 00:27:02 JST 2026: 0 / 9930 images uploaded
Mon Jan  5 00:27:34 JST 2026: 0 / 9930 images uploaded
Mon Jan  5 00:28:05 JST 2026: 0 / 9930 images uploaded
Mon Jan  5 00:28:37 JST 2026: 0 / 9930 images uploaded
Mon Jan  5 00:29:08 JST 2026: 0 / 9930 images uploaded
Mon Jan  5 00:29:40 JST 2026: 0 / 9930 images uploaded
Mon Jan  5 00:30:12 JST 2026: 0 / 9930 images uploaded
Mon Jan  5 00:30:44 JST 2026: 0 / 9930 images uploaded
Mon Jan  5 00:31:15 JST 2026: 0 / 9930 images uploaded
Mon Jan  5 00:31:48 JST 2026: 0 / 9930 images uploaded
Mon Jan  5 00:32:19 JST 2026: 0 / 9930 images uploaded
Mon Jan  5 00:33:07 JST 2026: 0 / 9930 images uploaded
Mon Jan  5 00:33:38 JST 2026: 0 / 9930 images uploaded
Mon Jan  5 00:34:12 JST 2026: 9930 / 9930 images uploaded
Mon Jan  5 00:34:12 JST 2026: Upload complete! Starting training...
✓ Initialized. View run at 
https://modal.com/apps/sasahara1120kzm/main/ap-ljk5xeVJaZpgdNGoRT4IQn
Building image im-PwdIg4a1nVl1OasNzfx2bf

=> Step 0: FROM base

=> Step 1: RUN python -m pip install accelerate diffusers==0.25.1 huggingface_hub==0.21.4 kornia lpips 'numpy<2.0' pillow safetensors scikit-learn torch==2.1.2 torchvision==0.16.2 tqdm transformers==4.38.2
Looking in indexes: http://pypi-mirror.modal.local:5555/simple
Collecting accelerate
  Downloading http://pypi-mirror.modal.local:5555/simple/accelerate/accelerate-1.12.0-py3-none-any.whl.metadata (19 kB)
Collecting diffusers==0.25.1
  Downloading http://pypi-mirror.modal.local:5555/simple/diffusers/diffusers-0.25.1-py3-none-any.whl.metadata (19 kB)
Collecting huggingface_hub==0.21.4
  Downloading http://pypi-mirror.modal.local:5555/simple/huggingface-hub/huggingface_hub-0.21.4-py3-none-any.whl.metadata (13 kB)
Collecting kornia
  Downloading http://pypi-mirror.modal.local:5555/simple/kornia/kornia-0.8.2-py2.py3-none-any.whl.metadata (18 kB)
Collecting lpips
  Downloading http://pypi-mirror.modal.local:5555/simple/lpips/lpips-0.1.4-py3-none-any.whl.metadata (10 kB)
Collecting numpy<2.0
  Downloading http://pypi-mirror.modal.local:5555/simple/numpy/numpy-1.26.4-cp310-cp310-manylinux_2_17_x86_64.manylinux2014_x86_64.whl.metadata (61 kB)
Collecting pillow
  Downloading http://pypi-mirror.modal.local:5555/simple/pillow/pillow-12.1.0-cp310-cp310-manylinux_2_27_x86_64.manylinux_2_28_x86_64.whl.metadata (8.8 kB)
Collecting safetensors
  Downloading http://pypi-mirror.modal.local:5555/simple/safetensors/safetensors-0.7.0-cp38-abi3-manylinux_2_17_x86_64.manylinux2014_x86_64.whl.metadata (4.1 kB)
Collecting scikit-learn
  Downloading http://pypi-mirror.modal.local:5555/simple/scikit-learn/scikit_learn-1.7.2-cp310-cp310-manylinux2014_x86_64.manylinux_2_17_x86_64.whl.metadata (11 kB)
Collecting torch==2.1.2
  Downloading http://pypi-mirror.modal.local:5555/simple/torch/torch-2.1.2-cp310-cp310-manylinux1_x86_64.whl.metadata (25 kB)
Collecting torchvision==0.16.2
  Downloading http://pypi-mirror.modal.local:5555/simple/torchvision/torchvision-0.16.2-cp310-cp310-manylinux1_x86_64.whl.metadata (6.6 kB)
Collecting tqdm
  Downloading http://pypi-mirror.modal.local:5555/simple/tqdm/tqdm-4.67.1-py3-none-any.whl.metadata (57 kB)
Collecting transformers==4.38.2
  Downloading http://pypi-mirror.modal.local:5555/simple/transformers/transformers-4.38.2-py3-none-any.whl.metadata (130 kB)
Collecting importlib-metadata (from diffusers==0.25.1)
  Downloading http://pypi-mirror.modal.local:5555/simple/importlib-metadata/importlib_metadata-8.7.1-py3-none-any.whl.metadata (4.7 kB)
Collecting filelock (from diffusers==0.25.1)
  Downloading http://pypi-mirror.modal.local:5555/simple/filelock/filelock-3.20.2-py3-none-any.whl.metadata (2.1 kB)
Collecting regex!=2019.12.17 (from diffusers==0.25.1)
  Downloading http://pypi-mirror.modal.local:5555/simple/regex/regex-2025.11.3-cp310-cp310-manylinux2014_x86_64.manylinux_2_17_x86_64.manylinux_2_28_x86_64.whl.metadata (40 kB)
Collecting requests (from diffusers==0.25.1)
  Downloading http://pypi-mirror.modal.local:5555/simple/requests/requests-2.32.5-py3-none-any.whl.metadata (4.9 kB)
Collecting fsspec>=2023.5.0 (from huggingface_hub==0.21.4)
  Downloading http://pypi-mirror.modal.local:5555/simple/fsspec/fsspec-2025.12.0-py3-none-any.whl.metadata (10 kB)
Collecting pyyaml>=5.1 (from huggingface_hub==0.21.4)
  Downloading http://pypi-mirror.modal.local:5555/simple/pyyaml/pyyaml-6.0.3-cp310-cp310-manylinux2014_x86_64.manylinux_2_17_x86_64.manylinux_2_28_x86_64.whl.metadata (2.4 kB)
Collecting typing-extensions>=3.7.4.3 (from huggingface_hub==0.21.4)
  Downloading http://pypi-mirror.modal.local:5555/simple/typing-extensions/typing_extensions-4.15.0-py3-none-any.whl.metadata (3.3 kB)
Collecting packaging>=20.9 (from huggingface_hub==0.21.4)
  Downloading http://pypi-mirror.modal.local:5555/simple/packaging/packaging-25.0-py3-none-any.whl.metadata (3.3 kB)
Collecting sympy (from torch==2.1.2)
  Downloading http://pypi-mirror.modal.local:5555/simple/sympy/sympy-1.14.0-py3-none-any.whl.metadata (12 kB)
Collecting networkx (from torch==2.1.2)
  Downloading http://pypi-mirror.modal.local:5555/simple/networkx/networkx-3.4.2-py3-none-any.whl.metadata (6.3 kB)
Collecting jinja2 (from torch==2.1.2)
  Downloading http://pypi-mirror.modal.local:5555/simple/jinja2/jinja2-3.1.6-py3-none-any.whl.metadata (2.9 kB)
Collecting nvidia-cuda-nvrtc-cu12==12.1.105 (from torch==2.1.2)
  Downloading http://pypi-mirror.modal.local:5555/simple/nvidia-cuda-nvrtc-cu12/nvidia_cuda_nvrtc_cu12-12.1.105-py3-none-manylinux1_x86_64.whl.metadata (1.5 kB)
Collecting nvidia-cuda-runtime-cu12==12.1.105 (from torch==2.1.2)
  Downloading http://pypi-mirror.modal.local:5555/simple/nvidia-cuda-runtime-cu12/nvidia_cuda_runtime_cu12-12.1.105-py3-none-manylinux1_x86_64.whl.metadata (1.5 kB)
Collecting nvidia-cuda-cupti-cu12==12.1.105 (from torch==2.1.2)
  Downloading http://pypi-mirror.modal.local:5555/simple/nvidia-cuda-cupti-cu12/nvidia_cuda_cupti_cu12-12.1.105-py3-none-manylinux1_x86_64.whl.metadata (1.6 kB)
Collecting nvidia-cudnn-cu12==8.9.2.26 (from torch==2.1.2)
  Downloading http://pypi-mirror.modal.local:5555/simple/nvidia-cudnn-cu12/nvidia_cudnn_cu12-8.9.2.26-py3-none-manylinux1_x86_64.whl.metadata (1.6 kB)
Collecting nvidia-cublas-cu12==12.1.3.1 (from torch==2.1.2)
  Downloading http://pypi-mirror.modal.local:5555/simple/nvidia-cublas-cu12/nvidia_cublas_cu12-12.1.3.1-py3-none-manylinux1_x86_64.whl.metadata (1.5 kB)
Collecting nvidia-cufft-cu12==11.0.2.54 (from torch==2.1.2)
  Downloading http://pypi-mirror.modal.local:5555/simple/nvidia-cufft-cu12/nvidia_cufft_cu12-11.0.2.54-py3-none-manylinux1_x86_64.whl.metadata (1.5 kB)
Collecting nvidia-curand-cu12==10.3.2.106 (from torch==2.1.2)
  Downloading http://pypi-mirror.modal.local:5555/simple/nvidia-curand-cu12/nvidia_curand_cu12-10.3.2.106-py3-none-manylinux1_x86_64.whl.metadata (1.5 kB)
Collecting nvidia-cusolver-cu12==11.4.5.107 (from torch==2.1.2)
  Downloading http://pypi-mirror.modal.local:5555/simple/nvidia-cusolver-cu12/nvidia_cusolver_cu12-11.4.5.107-py3-none-manylinux1_x86_64.whl.metadata (1.6 kB)
Collecting nvidia-cusparse-cu12==12.1.0.106 (from torch==2.1.2)
  Downloading http://pypi-mirror.modal.local:5555/simple/nvidia-cusparse-cu12/nvidia_cusparse_cu12-12.1.0.106-py3-none-manylinux1_x86_64.whl.metadata (1.6 kB)
Collecting nvidia-nccl-cu12==2.18.1 (from torch==2.1.2)
  Downloading http://pypi-mirror.modal.local:5555/simple/nvidia-nccl-cu12/nvidia_nccl_cu12-2.18.1-py3-none-manylinux1_x86_64.whl.metadata (1.8 kB)
Collecting nvidia-nvtx-cu12==12.1.105 (from torch==2.1.2)
  Downloading http://pypi-mirror.modal.local:5555/simple/nvidia-nvtx-cu12/nvidia_nvtx_cu12-12.1.105-py3-none-manylinux1_x86_64.whl.metadata (1.7 kB)
Collecting triton==2.1.0 (from torch==2.1.2)
  Downloading http://pypi-mirror.modal.local:5555/simple/triton/triton-2.1.0-0-cp310-cp310-manylinux2014_x86_64.manylinux_2_17_x86_64.whl.metadata (1.3 kB)
Collecting tokenizers<0.19,>=0.14 (from transformers==4.38.2)
  Downloading http://pypi-mirror.modal.local:5555/simple/tokenizers/tokenizers-0.15.2-cp310-cp310-manylinux_2_17_x86_64.manylinux2014_x86_64.whl.metadata (6.7 kB)
Collecting nvidia-nvjitlink-cu12 (from nvidia-cusolver-cu12==11.4.5.107->torch==2.1.2)
  Downloading http://pypi-mirror.modal.local:5555/simple/nvidia-nvjitlink-cu12/nvidia_nvjitlink_cu12-12.9.86-py3-none-manylinux2010_x86_64.manylinux_2_12_x86_64.whl.metadata (1.7 kB)
Collecting psutil (from accelerate)
  Downloading http://pypi-mirror.modal.local:5555/simple/psutil/psutil-7.2.1-cp36-abi3-manylinux2010_x86_64.manylinux_2_12_x86_64.manylinux_2_28_x86_64.whl.metadata (22 kB)
Collecting kornia_rs>=0.1.9 (from kornia)
  Downloading http://pypi-mirror.modal.local:5555/simple/kornia-rs/kornia_rs-0.1.10-cp310-cp310-manylinux_2_17_x86_64.manylinux2014_x86_64.whl.metadata (12 kB)
Collecting scipy>=1.0.1 (from lpips)
  Downloading http://pypi-mirror.modal.local:5555/simple/scipy/scipy-1.15.3-cp310-cp310-manylinux_2_17_x86_64.manylinux2014_x86_64.whl.metadata (61 kB)
Collecting joblib>=1.2.0 (from scikit-learn)
  Downloading http://pypi-mirror.modal.local:5555/simple/joblib/joblib-1.5.3-py3-none-any.whl.metadata (5.5 kB)
Collecting threadpoolctl>=3.1.0 (from scikit-learn)
  Downloading http://pypi-mirror.modal.local:5555/simple/threadpoolctl/threadpoolctl-3.6.0-py3-none-any.whl.metadata (13 kB)
Collecting zipp>=3.20 (from importlib-metadata->diffusers==0.25.1)
  Downloading http://pypi-mirror.modal.local:5555/simple/zipp/zipp-3.23.0-py3-none-any.whl.metadata (3.6 kB)
Collecting MarkupSafe>=2.0 (from jinja2->torch==2.1.2)
  Downloading http://pypi-mirror.modal.local:5555/simple/markupsafe/markupsafe-3.0.3-cp310-cp310-manylinux2014_x86_64.manylinux_2_17_x86_64.manylinux_2_28_x86_64.whl.metadata (2.7 kB)
Collecting charset_normalizer<4,>=2 (from requests->diffusers==0.25.1)
  Downloading http://pypi-mirror.modal.local:5555/simple/charset-normalizer/charset_normalizer-3.4.4-cp310-cp310-manylinux2014_x86_64.manylinux_2_17_x86_64.manylinux_2_28_x86_64.whl.metadata (37 kB)
Collecting idna<4,>=2.5 (from requests->diffusers==0.25.1)
  Downloading http://pypi-mirror.modal.local:5555/simple/idna/idna-3.11-py3-none-any.whl.metadata (8.4 kB)
Collecting urllib3<3,>=1.21.1 (from requests->diffusers==0.25.1)
  Downloading http://pypi-mirror.modal.local:5555/simple/urllib3/urllib3-2.6.2-py3-none-any.whl.metadata (6.6 kB)
Collecting certifi>=2017.4.17 (from requests->diffusers==0.25.1)
  Downloading http://pypi-mirror.modal.local:5555/simple/certifi/certifi-2026.1.4-py3-none-any.whl.metadata (2.5 kB)
Collecting mpmath<1.4,>=1.1.0 (from sympy->torch==2.1.2)
  Downloading http://pypi-mirror.modal.local:5555/simple/mpmath/mpmath-1.3.0-py3-none-any.whl.metadata (8.6 kB)
Downloading http://pypi-mirror.modal.local:5555/simple/diffusers/diffusers-0.25.1-py3-none-any.whl (1.8 MB)
   ━━━━━━━━━━━━━━━━━━━━━━━━━━━━━━━━━━━━━━━━ 1.8/1.8 MB 310.9 MB/s eta 0:00:00
Downloading http://pypi-mirror.modal.local:5555/simple/huggingface-hub/huggingface_hub-0.21.4-py3-none-any.whl (346 kB)
Downloading http://pypi-mirror.modal.local:5555/simple/torch/torch-2.1.2-cp310-cp310-manylinux1_x86_64.whl (670.2 MB)
   ━━━━━━━━━━━━━━━━━━━━━━━━━━━━━━━━━━━━━━━ 670.2/670.2 MB 152.8 MB/s eta 0:00:00
Downloading http://pypi-mirror.modal.local:5555/simple/torchvision/torchvision-0.16.2-cp310-cp310-manylinux1_x86_64.whl (6.8 MB)
   ━━━━━━━━━━━━━━━━━━━━━━━━━━━━━━━━━━━━━━━━ 6.8/6.8 MB 161.2 MB/s eta 0:00:00
Downloading http://pypi-mirror.modal.local:5555/simple/transformers/transformers-4.38.2-py3-none-any.whl (8.5 MB)
   ━━━━━━━━━━━━━━━━━━━━━━━━━━━━━━━━━━━━━━━━ 8.5/8.5 MB 142.1 MB/s eta 0:00:00
Downloading http://pypi-mirror.modal.local:5555/simple/nvidia-cublas-cu12/nvidia_cublas_cu12-12.1.3.1-py3-none-manylinux1_x86_64.whl (410.6 MB)
   ━━━━━━━━━━━━━━━━━━━━━━━━━━━━━━━━━━━━━━━ 410.6/410.6 MB 139.9 MB/s eta 0:00:00
Downloading http://pypi-mirror.modal.local:5555/simple/nvidia-cuda-cupti-cu12/nvidia_cuda_cupti_cu12-12.1.105-py3-none-manylinux1_x86_64.whl (14.1 MB)
   ━━━━━━━━━━━━━━━━━━━━━━━━━━━━━━━━━━━━━━━━ 14.1/14.1 MB 141.5 MB/s eta 0:00:00
Downloading http://pypi-mirror.modal.local:5555/simple/nvidia-cuda-nvrtc-cu12/nvidia_cuda_nvrtc_cu12-12.1.105-py3-none-manylinux1_x86_64.whl (23.7 MB)
   ━━━━━━━━━━━━━━━━━━━━━━━━━━━━━━━━━━━━━━━━ 23.7/23.7 MB 136.0 MB/s eta 0:00:00
Downloading http://pypi-mirror.modal.local:5555/simple/nvidia-cuda-runtime-cu12/nvidia_cuda_runtime_cu12-12.1.105-py3-none-manylinux1_x86_64.whl (823 kB)
   ━━━━━━━━━━━━━━━━━━━━━━━━━━━━━━━━━━━━━━━ 823.6/823.6 kB 134.2 MB/s eta 0:00:00
Downloading http://pypi-mirror.modal.local:5555/simple/nvidia-cudnn-cu12/nvidia_cudnn_cu12-8.9.2.26-py3-none-manylinux1_x86_64.whl (731.7 MB)
   ━━━━━━━━━━━━━━━━━━━━━━━━━━━━━━━━━━━━━━━ 731.7/731.7 MB 143.8 MB/s eta 0:00:00
Downloading http://pypi-mirror.modal.local:5555/simple/nvidia-cufft-cu12/nvidia_cufft_cu12-11.0.2.54-py3-none-manylinux1_x86_64.whl (121.6 MB)
   ━━━━━━━━━━━━━━━━━━━━━━━━━━━━━━━━━━━━━━━ 121.6/121.6 MB 149.7 MB/s eta 0:00:00
Downloading http://pypi-mirror.modal.local:5555/simple/nvidia-curand-cu12/nvidia_curand_cu12-10.3.2.106-py3-none-manylinux1_x86_64.whl (56.5 MB)
   ━━━━━━━━━━━━━━━━━━━━━━━━━━━━━━━━━━━━━━━━ 56.5/56.5 MB 146.3 MB/s eta 0:00:00
Downloading http://pypi-mirror.modal.local:5555/simple/nvidia-cusolver-cu12/nvidia_cusolver_cu12-11.4.5.107-py3-none-manylinux1_x86_64.whl (124.2 MB)
   ━━━━━━━━━━━━━━━━━━━━━━━━━━━━━━━━━━━━━━━ 124.2/124.2 MB 152.4 MB/s eta 0:00:00
Downloading http://pypi-mirror.modal.local:5555/simple/nvidia-cusparse-cu12/nvidia_cusparse_cu12-12.1.0.106-py3-none-manylinux1_x86_64.whl (196.0 MB)
   ━━━━━━━━━━━━━━━━━━━━━━━━━━━━━━━━━━━━━━━ 196.0/196.0 MB 153.7 MB/s eta 0:00:00
Downloading http://pypi-mirror.modal.local:5555/simple/nvidia-nccl-cu12/nvidia_nccl_cu12-2.18.1-py3-none-manylinux1_x86_64.whl (209.8 MB)
   ━━━━━━━━━━━━━━━━━━━━━━━━━━━━━━━━━━━━━━━ 209.8/209.8 MB 151.8 MB/s eta 0:00:00
Downloading http://pypi-mirror.modal.local:5555/simple/nvidia-nvtx-cu12/nvidia_nvtx_cu12-12.1.105-py3-none-manylinux1_x86_64.whl (99 kB)
Downloading http://pypi-mirror.modal.local:5555/simple/triton/triton-2.1.0-0-cp310-cp310-manylinux2014_x86_64.manylinux_2_17_x86_64.whl (89.2 MB)
   ━━━━━━━━━━━━━━━━━━━━━━━━━━━━━━━━━━━━━━━━ 89.2/89.2 MB 149.7 MB/s eta 0:00:00
Downloading http://pypi-mirror.modal.local:5555/simple/numpy/numpy-1.26.4-cp310-cp310-manylinux_2_17_x86_64.manylinux2014_x86_64.whl (18.2 MB)
   ━━━━━━━━━━━━━━━━━━━━━━━━━━━━━━━━━━━━━━━━ 18.2/18.2 MB 153.4 MB/s eta 0:00:00
Downloading http://pypi-mirror.modal.local:5555/simple/tokenizers/tokenizers-0.15.2-cp310-cp310-manylinux_2_17_x86_64.manylinux2014_x86_64.whl (3.6 MB)
   ━━━━━━━━━━━━━━━━━━━━━━━━━━━━━━━━━━━━━━━━ 3.6/3.6 MB 136.7 MB/s eta 0:00:00
Downloading http://pypi-mirror.modal.local:5555/simple/accelerate/accelerate-1.12.0-py3-none-any.whl (380 kB)
Downloading http://pypi-mirror.modal.local:5555/simple/kornia/kornia-0.8.2-py2.py3-none-any.whl (1.1 MB)
   ━━━━━━━━━━━━━━━━━━━━━━━━━━━━━━━━━━━━━━━━ 1.1/1.1 MB 108.3 MB/s eta 0:00:00
Downloading http://pypi-mirror.modal.local:5555/simple/lpips/lpips-0.1.4-py3-none-any.whl (53 kB)
Downloading http://pypi-mirror.modal.local:5555/simple/pillow/pillow-12.1.0-cp310-cp310-manylinux_2_27_x86_64.manylinux_2_28_x86_64.whl (7.0 MB)
   ━━━━━━━━━━━━━━━━━━━━━━━━━━━━━━━━━━━━━━━━ 7.0/7.0 MB 142.4 MB/s eta 0:00:00
Downloading http://pypi-mirror.modal.local:5555/simple/safetensors/safetensors-0.7.0-cp38-abi3-manylinux_2_17_x86_64.manylinux2014_x86_64.whl (507 kB)
Downloading http://pypi-mirror.modal.local:5555/simple/scikit-learn/scikit_learn-1.7.2-cp310-cp310-manylinux2014_x86_64.manylinux_2_17_x86_64.whl (9.7 MB)
   ━━━━━━━━━━━━━━━━━━━━━━━━━━━━━━━━━━━━━━━━ 9.7/9.7 MB 155.0 MB/s eta 0:00:00
Downloading http://pypi-mirror.modal.local:5555/simple/tqdm/tqdm-4.67.1-py3-none-any.whl (78 kB)
Downloading http://pypi-mirror.modal.local:5555/simple/fsspec/fsspec-2025.12.0-py3-none-any.whl (201 kB)
Downloading http://pypi-mirror.modal.local:5555/simple/joblib/joblib-1.5.3-py3-none-any.whl (309 kB)
Downloading http://pypi-mirror.modal.local:5555/simple/kornia-rs/kornia_rs-0.1.10-cp310-cp310-manylinux_2_17_x86_64.manylinux2014_x86_64.whl (3.0 MB)
   ━━━━━━━━━━━━━━━━━━━━━━━━━━━━━━━━━━━━━━━━ 3.0/3.0 MB 154.1 MB/s eta 0:00:00
Downloading http://pypi-mirror.modal.local:5555/simple/packaging/packaging-25.0-py3-none-any.whl (66 kB)
Downloading http://pypi-mirror.modal.local:5555/simple/pyyaml/pyyaml-6.0.3-cp310-cp310-manylinux2014_x86_64.manylinux_2_17_x86_64.manylinux_2_28_x86_64.whl (770 kB)
   ━━━━━━━━━━━━━━━━━━━━━━━━━━━━━━━━━━━━━━━ 770.3/770.3 kB 154.4 MB/s eta 0:00:00
Downloading http://pypi-mirror.modal.local:5555/simple/regex/regex-2025.11.3-cp310-cp310-manylinux2014_x86_64.manylinux_2_17_x86_64.manylinux_2_28_x86_64.whl (791 kB)
   ━━━━━━━━━━━━━━━━━━━━━━━━━━━━━━━━━━━━━━━ 791.7/791.7 kB 168.0 MB/s eta 0:00:00
Downloading http://pypi-mirror.modal.local:5555/simple/scipy/scipy-1.15.3-cp310-cp310-manylinux_2_17_x86_64.manylinux2014_x86_64.whl (37.7 MB)
   ━━━━━━━━━━━━━━━━━━━━━━━━━━━━━━━━━━━━━━━━ 37.7/37.7 MB 156.6 MB/s eta 0:00:00
Downloading http://pypi-mirror.modal.local:5555/simple/threadpoolctl/threadpoolctl-3.6.0-py3-none-any.whl (18 kB)
Downloading http://pypi-mirror.modal.local:5555/simple/typing-extensions/typing_extensions-4.15.0-py3-none-any.whl (44 kB)
Downloading http://pypi-mirror.modal.local:5555/simple/filelock/filelock-3.20.2-py3-none-any.whl (16 kB)
Downloading http://pypi-mirror.modal.local:5555/simple/importlib-metadata/importlib_metadata-8.7.1-py3-none-any.whl (27 kB)
Downloading http://pypi-mirror.modal.local:5555/simple/zipp/zipp-3.23.0-py3-none-any.whl (10 kB)
Downloading http://pypi-mirror.modal.local:5555/simple/jinja2/jinja2-3.1.6-py3-none-any.whl (134 kB)
Downloading http://pypi-mirror.modal.local:5555/simple/markupsafe/markupsafe-3.0.3-cp310-cp310-manylinux2014_x86_64.manylinux_2_17_x86_64.manylinux_2_28_x86_64.whl (20 kB)
Downloading http://pypi-mirror.modal.local:5555/simple/networkx/networkx-3.4.2-py3-none-any.whl (1.7 MB)
   ━━━━━━━━━━━━━━━━━━━━━━━━━━━━━━━━━━━━━━━━ 1.7/1.7 MB 392.0 MB/s eta 0:00:00
Downloading http://pypi-mirror.modal.local:5555/simple/nvidia-nvjitlink-cu12/nvidia_nvjitlink_cu12-12.9.86-py3-none-manylinux2010_x86_64.manylinux_2_12_x86_64.whl (39.7 MB)
   ━━━━━━━━━━━━━━━━━━━━━━━━━━━━━━━━━━━━━━━━ 39.7/39.7 MB 156.5 MB/s eta 0:00:00
Downloading http://pypi-mirror.modal.local:5555/simple/psutil/psutil-7.2.1-cp36-abi3-manylinux2010_x86_64.manylinux_2_12_x86_64.manylinux_2_28_x86_64.whl (154 kB)
Downloading http://pypi-mirror.modal.local:5555/simple/requests/requests-2.32.5-py3-none-any.whl (64 kB)
Downloading http://pypi-mirror.modal.local:5555/simple/charset-normalizer/charset_normalizer-3.4.4-cp310-cp310-manylinux2014_x86_64.manylinux_2_17_x86_64.manylinux_2_28_x86_64.whl (153 kB)
Downloading http://pypi-mirror.modal.local:5555/simple/idna/idna-3.11-py3-none-any.whl (71 kB)
Downloading http://pypi-mirror.modal.local:5555/simple/urllib3/urllib3-2.6.2-py3-none-any.whl (131 kB)
Downloading http://pypi-mirror.modal.local:5555/simple/certifi/certifi-2026.1.4-py3-none-any.whl (152 kB)
Downloading http://pypi-mirror.modal.local:5555/simple/sympy/sympy-1.14.0-py3-none-any.whl (6.3 MB)
   ━━━━━━━━━━━━━━━━━━━━━━━━━━━━━━━━━━━━━━━━ 6.3/6.3 MB 307.2 MB/s eta 0:00:00
Downloading http://pypi-mirror.modal.local:5555/simple/mpmath/mpmath-1.3.0-py3-none-any.whl (536 kB)
   ━━━━━━━━━━━━━━━━━━━━━━━━━━━━━━━━━━━━━━━ 536.2/536.2 kB 413.8 MB/s eta 0:00:00
Installing collected packages: mpmath, zipp, urllib3, typing-extensions, tqdm, threadpoolctl, sympy, safetensors, regex, pyyaml, psutil, pillow, packaging, nvidia-nvtx-cu12, nvidia-nvjitlink-cu12, nvidia-nccl-cu12, nvidia-curand-cu12, nvidia-cufft-cu12, nvidia-cuda-runtime-cu12, nvidia-cuda-nvrtc-cu12, nvidia-cuda-cupti-cu12, nvidia-cublas-cu12, numpy, networkx, MarkupSafe, kornia_rs, joblib, idna, fsspec, filelock, charset_normalizer, certifi, triton, scipy, requests, nvidia-cusparse-cu12, nvidia-cudnn-cu12, jinja2, importlib-metadata, scikit-learn, nvidia-cusolver-cu12, huggingface_hub, torch, tokenizers, diffusers, transformers, torchvision, kornia, accelerate, lpips

Successfully installed MarkupSafe-3.0.3 accelerate-1.12.0 certifi-2026.1.4 charset_normalizer-3.4.4 diffusers-0.25.1 filelock-3.20.2 fsspec-2025.12.0 huggingface_hub-0.21.4 idna-3.11 importlib-metadata-8.7.1 jinja2-3.1.6 joblib-1.5.3 kornia-0.8.2 kornia_rs-0.1.10 lpips-0.1.4 mpmath-1.3.0 networkx-3.4.2 numpy-1.26.4 nvidia-cublas-cu12-12.1.3.1 nvidia-cuda-cupti-cu12-12.1.105 nvidia-cuda-nvrtc-cu12-12.1.105 nvidia-cuda-runtime-cu12-12.1.105 nvidia-cudnn-cu12-8.9.2.26 nvidia-cufft-cu12-11.0.2.54 nvidia-curand-cu12-10.3.2.106 nvidia-cusolver-cu12-11.4.5.107 nvidia-cusparse-cu12-12.1.0.106 nvidia-nccl-cu12-2.18.1 nvidia-nvjitlink-cu12-12.9.86 nvidia-nvtx-cu12-12.1.105 packaging-25.0 pillow-12.1.0 psutil-7.2.1 pyyaml-6.0.3 regex-2025.11.3 requests-2.32.5 safetensors-0.7.0 scikit-learn-1.7.2 scipy-1.15.3 sympy-1.14.0 threadpoolctl-3.6.0 tokenizers-0.15.2 torch-2.1.2 torchvision-0.16.2 tqdm-4.67.1 transformers-4.38.2 triton-2.1.0 typing-extensions-4.15.0 urllib3-2.6.2 zipp-3.23.0

[notice] A new release of pip is available: 25.1.1 -> 25.3
[notice] To update, run: pip install --upgrade pip
Saving image...
Image saved, took 6.18s

Built image im-PwdIg4a1nVl1OasNzfx2bf in 101.30s


✓ Created objects.
├── 🔨 Created mount /home/techne/aicheckers/scripts/fastprotect_train.py
├── 🔨 Created function train_fastprotect.
└── 🔨 Created function test_training_small.
Using poisoned anchors from /vol/fastprotect_targets
Starting training with data from /vol/train_images
Target images from: /vol/fastprotect_targets
Steps: 40000
Job submitted! Call ID: fc-01KE4TDAS03NZHKDNWY6048CN8
Stopping app - local entrypoint completed.
✓ App completed. View run at 
https://modal.com/apps/sasahara1120kzm/main/ap-ljk5xeVJaZpgdNGoRT4IQn
Mon Jan  5 00:36:00 JST 2026: Training job submitted!
