==================================================
Linear Probe Training: CLS + patch_stats (774 dims)
==================================================
Existing model backed up to /home/techne/aicheckers/models/dinov3_classifier_backup_20251223_231055.pt
Loading AI embeddings...
  illustrious_ai: 4824 samples (774 dims)
  pony_ai: 19857 samples (774 dims)
  sdxl10_ai: 8916 samples (774 dims)
  sd15_ai: 9985 samples (774 dims)
  other_ai: 4555 samples (774 dims)
  flux1d_ai: 1843 samples (774 dims)
  novelai_ai: 1045 samples (774 dims)
  pixai_ai: 1018 samples (774 dims)
  novelai_aibooru_ai: 1283 samples (774 dims)
  twitter_novelai_all_ai: 2000 samples (774 dims)

Loading Real embeddings...
  danbooru_real: 49998 samples (774 dims)

Total AI samples: 55326
Total Real samples: 49998
Feature dimension: 774

Training on cuda
VAT: ε=0.005, α=0.05→0.3 (全エポック)
Consistency: epoch 5〜, α=0.15, weak_σ=0.02, strong_σ=0.08, mask=0.2
Entropy Minimization: epoch 20〜, α=0→0.05, τ=0.9, T=0.6
Train: 94791, Val: 10533
Class balance - Real: 44937, AI: 49854
Input dimension: 774
Epoch 5/30 - Loss: 0.0758 - Val Acc: 97.05% (VAT α=0.084)
Epoch 10/30 - Loss: 0.0807 - Val Acc: 97.15% (VAT α=0.128, Cons)
Epoch 15/30 - Loss: 0.0794 - Val Acc: 97.28% (VAT α=0.171, Cons)
Epoch 20/30 - Loss: 0.0781 - Val Acc: 97.30% (VAT α=0.214, Cons)
Epoch 25/30 - Loss: 0.0779 - Val Acc: 97.28% (VAT α=0.257, Cons, EM=0.0190 (90720))
Epoch 30/30 - Loss: 0.0777 - Val Acc: 97.25% (VAT α=0.300, Cons, EM=0.0188 (90703))

Best Validation Accuracy: 97.30%

Model saved to /home/techne/aicheckers/models/dinov3_classifier.pt
Validation accuracy: 97.30%
Input dimension: 774
