==================================================
Training: CLS + patch_stats (775 dims)
==================================================
Loading AI embeddings...
  illustrious_ai: 4824 samples (775 dims)
  pony_ai: 19857 samples (775 dims)
  sdxl10_ai: 8916 samples (775 dims)
  sd15_ai: 9985 samples (775 dims)
  other_ai: 4555 samples (775 dims)
  flux1d_ai: 1843 samples (775 dims)
  novelai_ai: 1045 samples (775 dims)
  pixai_ai: 1018 samples (775 dims)
  novelai_aibooru_ai: 1283 samples (775 dims)
  novelai_combined_ai: 4499 samples (775 dims)

Loading Real embeddings...
  danbooru_real: 49998 samples (775 dims)

Total AI samples: 57825
Total Real samples: 49998
Feature dimension: 775

Training on cuda
Input dimension: 775
Train: 97040, Val: 10783
Epoch 5/30 - Loss: 0.0893 - Val Acc: 96.49%
Epoch 10/30 - Loss: 0.0853 - Val Acc: 96.49%
Epoch 15/30 - Loss: 0.0834 - Val Acc: 96.52%
Epoch 20/30 - Loss: 0.0817 - Val Acc: 96.46%
Epoch 25/30 - Loss: 0.0805 - Val Acc: 96.54%
Epoch 30/30 - Loss: 0.0799 - Val Acc: 96.49%

Best Validation Accuracy: 96.56%

Model saved to /home/techne/aicheckers/models/dinov3_classifier.pt
Validation accuracy: 96.56%
